<?xml version="1.0" encoding="UTF-8"?>
<!-- Generated by org.testng.reporters.JUnitReportReporter -->
<testsuite hostname="DESKTOP-K7EC1H8" failures="0" tests="1" name="com.assignment.Phase3.AssignmentPost" time="4.978" errors="0" timestamp="2023-02-20T23:59:31 IST" skipped="0">
  <testcase classname="com.assignment.Phase3.AssignmentPost" name="get" time="4.978"/>
  <system-out/>
</testsuite> <!-- com.assignment.Phase3.AssignmentPost -->
